<?xml version="1.0" encoding="UTF-8"?>
<testsuite xmlns:xsi="http://www.w3.org/2001/XMLSchema-instance" xsi:noNamespaceSchemaLocation="https://maven.apache.org/surefire/maven-surefire-plugin/xsd/surefire-test-report.xsd" version="3.0.2" name="au.edu.rmit.sct.roadregistry.PersonTest" time="0.121" tests="15" errors="0" skipped="0" failures="0">
  <properties>
    <property name="java.specification.version" value="21"/>
    <property name="sun.jnu.encoding" value="UTF-8"/>
    <property name="java.class.path" value="/home/syed/projects/RoadRegistry_Assignment4_Group_105/target/test-classes:/home/syed/projects/RoadRegistry_Assignment4_Group_105/target/classes:/home/syed/.m2/repository/org/junit/jupiter/junit-jupiter-api/5.12.2/junit-jupiter-api-5.12.2.jar:/home/syed/.m2/repository/org/opentest4j/opentest4j/1.3.0/opentest4j-1.3.0.jar:/home/syed/.m2/repository/org/junit/platform/junit-platform-commons/1.12.2/junit-platform-commons-1.12.2.jar:/home/syed/.m2/repository/org/apiguardian/apiguardian-api/1.1.2/apiguardian-api-1.1.2.jar:/home/syed/.m2/repository/org/junit/jupiter/junit-jupiter-engine/5.12.2/junit-jupiter-engine-5.12.2.jar:/home/syed/.m2/repository/org/junit/platform/junit-platform-engine/1.12.2/junit-platform-engine-1.12.2.jar:"/>
    <property name="java.vm.vendor" value="Ubuntu"/>
    <property name="sun.arch.data.model" value="64"/>
    <property name="java.vendor.url" value="https://ubuntu.com/"/>
    <property name="user.timezone" value="Asia/Calcutta"/>
    <property name="os.name" value="Linux"/>
    <property name="java.vm.specification.version" value="21"/>
    <property name="sun.java.launcher" value="SUN_STANDARD"/>
    <property name="sun.boot.library.path" value="/usr/lib/jvm/java-21-openjdk-amd64/lib"/>
    <property name="sun.java.command" value="/home/syed/projects/RoadRegistry_Assignment4_Group_105/target/surefire/surefirebooter-20250606123605583_3.jar /home/syed/projects/RoadRegistry_Assignment4_Group_105/target/surefire 2025-06-06T12-36-05_497-jvmRun1 surefire-20250606123605583_1tmp surefire_0-20250606123605583_2tmp"/>
    <property name="jdk.debug" value="release"/>
    <property name="surefire.test.class.path" value="/home/syed/projects/RoadRegistry_Assignment4_Group_105/target/test-classes:/home/syed/projects/RoadRegistry_Assignment4_Group_105/target/classes:/home/syed/.m2/repository/org/junit/jupiter/junit-jupiter-api/5.12.2/junit-jupiter-api-5.12.2.jar:/home/syed/.m2/repository/org/opentest4j/opentest4j/1.3.0/opentest4j-1.3.0.jar:/home/syed/.m2/repository/org/junit/platform/junit-platform-commons/1.12.2/junit-platform-commons-1.12.2.jar:/home/syed/.m2/repository/org/apiguardian/apiguardian-api/1.1.2/apiguardian-api-1.1.2.jar:/home/syed/.m2/repository/org/junit/jupiter/junit-jupiter-engine/5.12.2/junit-jupiter-engine-5.12.2.jar:/home/syed/.m2/repository/org/junit/platform/junit-platform-engine/1.12.2/junit-platform-engine-1.12.2.jar:"/>
    <property name="sun.cpu.endian" value="little"/>
    <property name="user.home" value="/home/syed"/>
    <property name="user.language" value="en"/>
    <property name="java.specification.vendor" value="Oracle Corporation"/>
    <property name="java.version.date" value="2025-04-15"/>
    <property name="java.home" value="/usr/lib/jvm/java-21-openjdk-amd64"/>
    <property name="file.separator" value="/"/>
    <property name="basedir" value="/home/syed/projects/RoadRegistry_Assignment4_Group_105"/>
    <property name="java.vm.compressedOopsMode" value="32-bit"/>
    <property name="line.separator" value="&#10;"/>
    <property name="java.vm.specification.vendor" value="Oracle Corporation"/>
    <property name="java.specification.name" value="Java Platform API Specification"/>
    <property name="surefire.real.class.path" value="/home/syed/projects/RoadRegistry_Assignment4_Group_105/target/surefire/surefirebooter-20250606123605583_3.jar"/>
    <property name="sun.management.compiler" value="HotSpot 64-Bit Tiered Compilers"/>
    <property name="java.runtime.version" value="21.0.7+6-Ubuntu-0ubuntu122.04"/>
    <property name="user.name" value="syed"/>
    <property name="stdout.encoding" value="UTF-8"/>
    <property name="path.separator" value=":"/>
    <property name="os.version" value="6.6.87.1-microsoft-standard-WSL2"/>
    <property name="java.runtime.name" value="OpenJDK Runtime Environment"/>
    <property name="file.encoding" value="UTF-8"/>
    <property name="java.vm.name" value="OpenJDK 64-Bit Server VM"/>
    <property name="localRepository" value="/home/syed/.m2/repository"/>
    <property name="java.vendor.url.bug" value="https://bugs.launchpad.net/ubuntu/+source/openjdk-21"/>
    <property name="java.io.tmpdir" value="/tmp"/>
    <property name="java.version" value="21.0.7"/>
    <property name="user.dir" value="/home/syed/projects/RoadRegistry_Assignment4_Group_105"/>
    <property name="os.arch" value="amd64"/>
    <property name="java.vm.specification.name" value="Java Virtual Machine Specification"/>
    <property name="native.encoding" value="UTF-8"/>
    <property name="java.library.path" value="/usr/java/packages/lib:/usr/lib/x86_64-linux-gnu/jni:/lib/x86_64-linux-gnu:/usr/lib/x86_64-linux-gnu:/usr/lib/jni:/lib:/usr/lib"/>
    <property name="stderr.encoding" value="UTF-8"/>
    <property name="java.vm.info" value="mixed mode, sharing"/>
    <property name="java.vendor" value="Ubuntu"/>
    <property name="java.vm.version" value="21.0.7+6-Ubuntu-0ubuntu122.04"/>
    <property name="sun.io.unicode.encoding" value="UnicodeLittle"/>
    <property name="java.class.version" value="65.0"/>
  </properties>
  <testcase name="updateDetails_ValidUpdate_ReturnsTrue" classname="au.edu.rmit.sct.roadregistry.PersonTest" time="0.047"/>
  <testcase name="addPerson_InvalidIDFormat_ReturnsFalse" classname="au.edu.rmit.sct.roadregistry.PersonTest" time="0.002"/>
  <testcase name="addDemeritPoints_PointsOutOfRange_ReturnsFailed" classname="au.edu.rmit.sct.roadregistry.PersonTest" time="0.004"/>
  <testcase name="addDemeritPoints_InvalidDateFormat_ReturnsFailed" classname="au.edu.rmit.sct.roadregistry.PersonTest" time="0.002"/>
  <testcase name="updateDetails_EvenFirstDigitIDChange_ReturnsFalse" classname="au.edu.rmit.sct.roadregistry.PersonTest" time="0.002"/>
  <testcase name="addDemeritPoints_ExactlyTwoYearsAgo_CountsPoints" classname="au.edu.rmit.sct.roadregistry.PersonTest" time="0.004"/>
  <testcase name="updateDetails_InvalidNewAddress_ReturnsFalse" classname="au.edu.rmit.sct.roadregistry.PersonTest" time="0.003"/>
  <testcase name="addPerson_InsufficientSpecialChars_ReturnsFalse" classname="au.edu.rmit.sct.roadregistry.PersonTest" time="0.001"/>
  <testcase name="addDemeritPoints_Under21Suspension_UpdatesStatus" classname="au.edu.rmit.sct.roadregistry.PersonTest" time="0.004"/>
  <testcase name="updateDetails_Under18AddressChange_ReturnsFalse" classname="au.edu.rmit.sct.roadregistry.PersonTest" time="0.002"/>
  <testcase name="addPerson_InvalidBirthdate_ReturnsFalse" classname="au.edu.rmit.sct.roadregistry.PersonTest" time="0.001"/>
  <testcase name="addDemeritPoints_ValidInput_ReturnsSuccess" classname="au.edu.rmit.sct.roadregistry.PersonTest" time="0.002"/>
  <testcase name="addPerson_ValidDetails_ReturnsTrue" classname="au.edu.rmit.sct.roadregistry.PersonTest" time="0.001"/>
  <testcase name="addPerson_AddressNotVictoria_ReturnsFalse" classname="au.edu.rmit.sct.roadregistry.PersonTest" time="0.001"/>
  <testcase name="updateDetails_BirthdayChangeWithOtherFields_ReturnsFalse" classname="au.edu.rmit.sct.roadregistry.PersonTest" time="0.002"/>
</testsuite>